<?xml version="1.0" encoding="UTF-8"?>
<!-- Generated by org.testng.reporters.JUnitReportReporter -->
<testsuite hostname="khashab" failures="0" tests="4" name="tests.MyAccountTest" time="33.529" errors="0" timestamp="2020-09-07T20:16:58 EET" skipped="0">
  <testcase classname="tests.MyAccountTest" name="UserRegisterSuccesfully" time="9.979"/>
  <system-out/>
  <testcase classname="tests.MyAccountTest" name="registredUserCanLogout" time="3.019"/>
  <system-out/>
  <testcase classname="tests.MyAccountTest" name="login" time="9.253"/>
  <system-out/>
  <testcase classname="tests.MyAccountTest" name="UserChangePassword" time="11.278"/>
  <system-out/>
</testsuite> <!-- tests.MyAccountTest -->
