<?xml version="1.0" encoding="UTF-8"?>
<!-- Generated by org.testng.reporters.JUnitReportReporter -->
<testsuite hostname="khashab" failures="0" tests="1" name="tests.UserSearchWithAutoComplete" time="10.339" errors="0" timestamp="2020-08-29T15:14:06 EET" skipped="0">
  <testcase classname="tests.UserSearchWithAutoComplete" name="autoCompleteSearch" time="10.339"/>
  <system-out/>
</testsuite> <!-- tests.UserSearchWithAutoComplete -->
