<?xml version="1.0" encoding="UTF-8"?>
<!-- Generated by org.testng.reporters.JUnitReportReporter -->
<testsuite hostname="khashab" failures="0" tests="3" name="tests.UserRegisterWithFakerData" time="19.505" errors="0" timestamp="2020-09-23T20:47:31 EET" skipped="0">
  <testcase classname="tests.UserRegisterWithFakerData" name="login" time="9.537"/>
  <system-out/>
  <testcase classname="tests.UserRegisterWithFakerData" name="UserRegisterSuccesfully" time="6.195"/>
  <system-out/>
  <testcase classname="tests.UserRegisterWithFakerData" name="registredUserCanLogout" time="3.773"/>
  <system-out/>
</testsuite> <!-- tests.UserRegisterWithFakerData -->
