<?xml version="1.0" encoding="UTF-8"?>
<!-- Generated by org.testng.reporters.JUnitReportReporter -->
<testsuite hostname="khashab" failures="0" tests="2" name="tests.UserRegisterWithDataProvider" time="32.030" errors="0" timestamp="2020-09-11T13:12:49 EET" skipped="0">
  <testcase classname="tests.UserRegisterWithDataProvider" name="UserRegisterSuccesfully" time="15.256"/>
  <system-out/>
  <testcase classname="tests.UserRegisterWithDataProvider" name="UserRegisterSuccesfully" time="16.774"/>
  <system-out/>
</testsuite> <!-- tests.UserRegisterWithDataProvider -->
