<?xml version="1.0" encoding="UTF-8"?>
<!-- Generated by org.testng.reporters.JUnitReportReporter -->
<testsuite hostname="khashab" failures="0" tests="1" name="tests.SearchItemTest" time="8.373" errors="0" timestamp="2020-09-07T20:18:51 EET" skipped="0">
  <testcase classname="tests.SearchItemTest" name="UserCanSearch" time="8.373"/>
  <system-out/>
</testsuite> <!-- tests.SearchItemTest -->
