<?xml version="1.0" encoding="UTF-8"?>
<!-- Generated by org.testng.reporters.JUnitReportReporter -->
<testsuite hostname="khashab" failures="0" tests="1" name="tests.ContactUsTest" time="5.417" errors="0" timestamp="2020-09-07T20:25:01 EET" skipped="0">
  <testcase classname="tests.ContactUsTest" name="UserUseContactUs" time="5.417"/>
  <system-out/>
</testsuite> <!-- tests.ContactUsTest -->
