<?xml version="1.0" encoding="UTF-8"?>
<!-- Generated by org.testng.reporters.JUnitReportReporter -->
<testsuite hostname="khashab" failures="0" tests="1" name="tests.UsrCanHoverAnItem" time="1.827" errors="0" timestamp="2020-09-07T20:25:01 EET" skipped="0">
  <testcase classname="tests.UsrCanHoverAnItem" name="usrCanHover" time="1.827"/>
  <system-out/>
</testsuite> <!-- tests.UsrCanHoverAnItem -->
